{"C:\\Users\\matheus.lampugnani\\MoneyBoard\\src\\assets\\cricas-logo.jpeg": {"path":"C:\\Users\\matheus.lampugnani\\MoneyBoard\\src\\assets\\cricas-logo.jpeg","statementMap":{},"fnMap":{},"branchMap":{},"s":{},"f":{},"b":{},"meta":{"lastBranch":0,"lastFunction":0,"lastStatement":0,"seen":{}}}
,"C:\\Users\\matheus.lampugnani\\MoneyBoard\\src\\components\\common\\Button.jsx": {"path":"C:\\Users\\matheus.lampugnani\\MoneyBoard\\src\\components\\common\\Button.jsx","statementMap":{"0":{"start":{"line":4,"column":15},"end":{"line":11,"column":null}},"1":{"start":{"line":5,"column":2},"end":{"line":9,"column":null}}},"fnMap":{"0":{"name":"(anonymous_0)","decl":{"start":{"line":4,"column":15},"end":{"line":4,"column":16}},"loc":{"start":{"line":4,"column":76},"end":{"line":11,"column":null}},"line":4}},"branchMap":{"0":{"loc":{"start":{"line":4,"column":28},"end":{"line":4,"column":49}},"type":"default-arg","locations":[{"start":{"line":4,"column":38},"end":{"line":4,"column":49}}],"line":4},"1":{"loc":{"start":{"line":7,"column":7},"end":{"line":7,"column":null}},"type":"binary-expr","locations":[{"start":{"line":7,"column":7},"end":{"line":7,"column":15}},{"start":{"line":7,"column":15},"end":{"line":7,"column":null}}],"line":7}},"s":{"0":2,"1":14},"f":{"0":14},"b":{"0":[14],"1":[14,1]},"meta":{"lastBranch":2,"lastFunction":1,"lastStatement":2,"seen":{"s:4:15:11:Infinity":0,"f:4:15:4:16":0,"b:4:38:4:49":0,"s:5:2:9:Infinity":1,"b:7:7:7:15:7:15:7:Infinity":1}}}
,"C:\\Users\\matheus.lampugnani\\MoneyBoard\\src\\components\\common\\Input.jsx": {"path":"C:\\Users\\matheus.lampugnani\\MoneyBoard\\src\\components\\common\\Input.jsx","statementMap":{"0":{"start":{"line":4,"column":14},"end":{"line":12,"column":null}},"1":{"start":{"line":5,"column":2},"end":{"line":10,"column":null}}},"fnMap":{"0":{"name":"(anonymous_0)","decl":{"start":{"line":4,"column":14},"end":{"line":4,"column":15}},"loc":{"start":{"line":4,"column":50},"end":{"line":12,"column":null}},"line":4}},"branchMap":{"0":{"loc":{"start":{"line":9,"column":7},"end":{"line":9,"column":null}},"type":"binary-expr","locations":[{"start":{"line":9,"column":7},"end":{"line":9,"column":16}},{"start":{"line":9,"column":16},"end":{"line":9,"column":null}}],"line":9}},"s":{"0":2,"1":25},"f":{"0":25},"b":{"0":[25,1]},"meta":{"lastBranch":1,"lastFunction":1,"lastStatement":2,"seen":{"s:4:14:12:Infinity":0,"f:4:14:4:15":0,"s:5:2:10:Infinity":1,"b:9:7:9:16:9:16:9:Infinity":0}}}
,"C:\\Users\\matheus.lampugnani\\MoneyBoard\\src\\components\\common\\Modal.jsx": {"path":"C:\\Users\\matheus.lampugnani\\MoneyBoard\\src\\components\\common\\Modal.jsx","statementMap":{"0":{"start":{"line":4,"column":14},"end":{"line":14,"column":null}},"1":{"start":{"line":5,"column":2},"end":{"line":12,"column":null}}},"fnMap":{"0":{"name":"(anonymous_0)","decl":{"start":{"line":4,"column":14},"end":{"line":4,"column":15}},"loc":{"start":{"line":4,"column":64},"end":{"line":14,"column":null}},"line":4}},"branchMap":{"0":{"loc":{"start":{"line":11,"column":7},"end":{"line":11,"column":null}},"type":"binary-expr","locations":[{"start":{"line":11,"column":7},"end":{"line":11,"column":17}},{"start":{"line":11,"column":17},"end":{"line":11,"column":null}}],"line":11}},"s":{"0":1,"1":4},"f":{"0":4},"b":{"0":[4,1]},"meta":{"lastBranch":1,"lastFunction":1,"lastStatement":2,"seen":{"s:4:14:14:Infinity":0,"f:4:14:4:15":0,"s:5:2:12:Infinity":1,"b:11:7:11:17:11:17:11:Infinity":0}}}
,"C:\\Users\\matheus.lampugnani\\MoneyBoard\\src\\components\\layout\\Header.css": {"path":"C:\\Users\\matheus.lampugnani\\MoneyBoard\\src\\components\\layout\\Header.css","statementMap":{},"fnMap":{},"branchMap":{},"s":{},"f":{},"b":{},"meta":{"lastBranch":0,"lastFunction":0,"lastStatement":0,"seen":{}}}
,"C:\\Users\\matheus.lampugnani\\MoneyBoard\\src\\components\\layout\\Header.jsx": {"path":"C:\\Users\\matheus.lampugnani\\MoneyBoard\\src\\components\\layout\\Header.jsx","statementMap":{"0":{"start":{"line":7,"column":15},"end":{"line":55,"column":null}},"1":{"start":{"line":8,"column":23},"end":{"line":8,"column":null}},"2":{"start":{"line":9,"column":19},"end":{"line":9,"column":null}},"3":{"start":{"line":11,"column":2},"end":{"line":53,"column":null}}},"fnMap":{"0":{"name":"(anonymous_0)","decl":{"start":{"line":7,"column":15},"end":{"line":7,"column":21}},"loc":{"start":{"line":7,"column":21},"end":{"line":55,"column":null}},"line":7}},"branchMap":{"0":{"loc":{"start":{"line":9,"column":19},"end":{"line":9,"column":null}},"type":"binary-expr","locations":[{"start":{"line":9,"column":19},"end":{"line":9,"column":48}},{"start":{"line":9,"column":48},"end":{"line":9,"column":null}}],"line":9}},"s":{"0":1,"1":2,"2":2,"3":2},"f":{"0":2},"b":{"0":[2,0]},"meta":{"lastBranch":1,"lastFunction":1,"lastStatement":4,"seen":{"s:7:15:55:Infinity":0,"f:7:15:7:21":0,"s:8:23:8:Infinity":1,"s:9:19:9:Infinity":2,"b:9:19:9:48:9:48:9:Infinity":0,"s:11:2:53:Infinity":3}}}
,"C:\\Users\\matheus.lampugnani\\MoneyBoard\\src\\components\\layout\\Sidebar.css": {"path":"C:\\Users\\matheus.lampugnani\\MoneyBoard\\src\\components\\layout\\Sidebar.css","statementMap":{},"fnMap":{},"branchMap":{},"s":{},"f":{},"b":{},"meta":{"lastBranch":0,"lastFunction":0,"lastStatement":0,"seen":{}}}
,"C:\\Users\\matheus.lampugnani\\MoneyBoard\\src\\components\\layout\\Sidebar.jsx": {"path":"C:\\Users\\matheus.lampugnani\\MoneyBoard\\src\\components\\layout\\Sidebar.jsx","statementMap":{"0":{"start":{"line":18,"column":16},"end":{"line":115,"column":null}},"1":{"start":{"line":19,"column":23},"end":{"line":19,"column":null}},"2":{"start":{"line":21,"column":22},"end":{"line":24,"column":null}},"3":{"start":{"line":26,"column":24},"end":{"line":31,"column":null}},"4":{"start":{"line":33,"column":22},"end":{"line":38,"column":null}},"5":{"start":{"line":40,"column":2},"end":{"line":113,"column":null}},"6":{"start":{"line":43,"column":66},"end":{"line":43,"column":91}},"7":{"start":{"line":77,"column":76},"end":{"line":77,"column":101}},"8":{"start":{"line":82,"column":12},"end":{"line":87,"column":null}},"9":{"start":{"line":83,"column":151},"end":{"line":83,"column":null}},"10":{"start":{"line":91,"column":12},"end":{"line":96,"column":null}},"11":{"start":{"line":92,"column":147},"end":{"line":92,"column":null}},"12":{"start":{"line":102,"column":16},"end":{"line":107,"column":null}},"13":{"start":{"line":103,"column":151},"end":{"line":103,"column":null}}},"fnMap":{"0":{"name":"(anonymous_0)","decl":{"start":{"line":18,"column":16},"end":{"line":18,"column":17}},"loc":{"start":{"line":18,"column":57},"end":{"line":115,"column":null}},"line":18},"1":{"name":"(anonymous_1)","decl":{"start":{"line":43,"column":60},"end":{"line":43,"column":66}},"loc":{"start":{"line":43,"column":66},"end":{"line":43,"column":91}},"line":43},"2":{"name":"(anonymous_2)","decl":{"start":{"line":77,"column":70},"end":{"line":77,"column":76}},"loc":{"start":{"line":77,"column":76},"end":{"line":77,"column":101}},"line":77},"3":{"name":"(anonymous_3)","decl":{"start":{"line":81,"column":27},"end":{"line":81,"column":28}},"loc":{"start":{"line":82,"column":12},"end":{"line":87,"column":null}},"line":82},"4":{"name":"(anonymous_4)","decl":{"start":{"line":83,"column":145},"end":{"line":83,"column":151}},"loc":{"start":{"line":83,"column":151},"end":{"line":83,"column":null}},"line":83},"5":{"name":"(anonymous_5)","decl":{"start":{"line":90,"column":46},"end":{"line":90,"column":47}},"loc":{"start":{"line":91,"column":12},"end":{"line":96,"column":null}},"line":91},"6":{"name":"(anonymous_6)","decl":{"start":{"line":92,"column":141},"end":{"line":92,"column":147}},"loc":{"start":{"line":92,"column":147},"end":{"line":92,"column":null}},"line":92},"7":{"name":"(anonymous_7)","decl":{"start":{"line":101,"column":31},"end":{"line":101,"column":32}},"loc":{"start":{"line":102,"column":16},"end":{"line":107,"column":null}},"line":102},"8":{"name":"(anonymous_8)","decl":{"start":{"line":103,"column":145},"end":{"line":103,"column":151}},"loc":{"start":{"line":103,"column":151},"end":{"line":103,"column":null}},"line":103}},"branchMap":{"0":{"loc":{"start":{"line":42,"column":7},"end":{"line":43,"column":null}},"type":"binary-expr","locations":[{"start":{"line":42,"column":7},"end":{"line":42,"column":null}},{"start":{"line":43,"column":8},"end":{"line":43,"column":null}}],"line":42},"1":{"loc":{"start":{"line":46,"column":54},"end":{"line":46,"column":81}},"type":"cond-expr","locations":[{"start":{"line":46,"column":70},"end":{"line":46,"column":79}},{"start":{"line":46,"column":79},"end":{"line":46,"column":81}}],"line":46},"2":{"loc":{"start":{"line":49,"column":13},"end":{"line":74,"column":null}},"type":"cond-expr","locations":[{"start":{"line":50,"column":14},"end":{"line":69,"column":null}},{"start":{"line":71,"column":14},"end":{"line":74,"column":null}}],"line":49},"3":{"loc":{"start":{"line":90,"column":11},"end":{"line":97,"column":null}},"type":"binary-expr","locations":[{"start":{"line":90,"column":11},"end":{"line":90,"column":28}},{"start":{"line":90,"column":28},"end":{"line":97,"column":null}}],"line":90},"4":{"loc":{"start":{"line":99,"column":11},"end":{"line":109,"column":null}},"type":"binary-expr","locations":[{"start":{"line":99,"column":11},"end":{"line":99,"column":null}},{"start":{"line":100,"column":12},"end":{"line":109,"column":null}}],"line":99}},"s":{"0":1,"1":2,"2":2,"3":2,"4":2,"5":2,"6":0,"7":0,"8":4,"9":0,"10":4,"11":0,"12":4,"13":0},"f":{"0":2,"1":0,"2":0,"3":4,"4":0,"5":4,"6":0,"7":4,"8":0},"b":{"0":[2,2],"1":[2,0],"2":[1,1],"3":[2,1],"4":[2,1]},"meta":{"lastBranch":5,"lastFunction":9,"lastStatement":14,"seen":{"s:18:16:115:Infinity":0,"f:18:16:18:17":0,"s:19:23:19:Infinity":1,"s:21:22:24:Infinity":2,"s:26:24:31:Infinity":3,"s:33:22:38:Infinity":4,"s:40:2:113:Infinity":5,"b:42:7:42:Infinity:43:8:43:Infinity":0,"f:43:60:43:66":1,"s:43:66:43:91":6,"b:46:70:46:79:46:79:46:81":1,"b:50:14:69:Infinity:71:14:74:Infinity":2,"f:77:70:77:76":2,"s:77:76:77:101":7,"f:81:27:81:28":3,"s:82:12:87:Infinity":8,"f:83:145:83:151":4,"s:83:151:83:Infinity":9,"b:90:11:90:28:90:28:97:Infinity":3,"f:90:46:90:47":5,"s:91:12:96:Infinity":10,"f:92:141:92:147":6,"s:92:147:92:Infinity":11,"b:99:11:99:Infinity:100:12:109:Infinity":4,"f:101:31:101:32":7,"s:102:16:107:Infinity":12,"f:103:145:103:151":8,"s:103:151:103:Infinity":13}}}
,"C:\\Users\\matheus.lampugnani\\MoneyBoard\\src\\context\\AuthContext.jsx": {"path":"C:\\Users\\matheus.lampugnani\\MoneyBoard\\src\\context\\AuthContext.jsx","statementMap":{"0":{"start":{"line":4,"column":6},"end":{"line":4,"column":null}},"1":{"start":{"line":6,"column":28},"end":{"line":87,"column":null}},"2":{"start":{"line":7,"column":22},"end":{"line":7,"column":null}},"3":{"start":{"line":8,"column":28},"end":{"line":8,"column":null}},"4":{"start":{"line":9,"column":32},"end":{"line":9,"column":null}},"5":{"start":{"line":11,"column":2},"end":{"line":15,"column":null}},"6":{"start":{"line":12,"column":4},"end":{"line":12,"column":null}},"7":{"start":{"line":13,"column":4},"end":{"line":13,"column":null}},"8":{"start":{"line":14,"column":4},"end":{"line":14,"column":null}},"9":{"start":{"line":17,"column":2},"end":{"line":21,"column":null}},"10":{"start":{"line":18,"column":4},"end":{"line":18,"column":null}},"11":{"start":{"line":19,"column":4},"end":{"line":19,"column":null}},"12":{"start":{"line":20,"column":4},"end":{"line":20,"column":null}},"13":{"start":{"line":23,"column":2},"end":{"line":43,"column":null}},"14":{"start":{"line":24,"column":30},"end":{"line":30,"column":null}},"15":{"start":{"line":25,"column":6},"end":{"line":25,"column":null}},"16":{"start":{"line":26,"column":36},"end":{"line":26,"column":null}},"17":{"start":{"line":27,"column":6},"end":{"line":27,"column":null}},"18":{"start":{"line":28,"column":6},"end":{"line":28,"column":null}},"19":{"start":{"line":29,"column":6},"end":{"line":29,"column":null}},"20":{"start":{"line":32,"column":4},"end":{"line":32,"column":null}},"21":{"start":{"line":34,"column":35},"end":{"line":38,"column":null}},"22":{"start":{"line":35,"column":6},"end":{"line":35,"column":null}},"23":{"start":{"line":36,"column":6},"end":{"line":36,"column":null}},"24":{"start":{"line":37,"column":6},"end":{"line":37,"column":null}},"25":{"start":{"line":40,"column":4},"end":{"line":42,"column":null}},"26":{"start":{"line":41,"column":6},"end":{"line":41,"column":null}},"27":{"start":{"line":45,"column":8},"end":{"line":47,"column":null}},"28":{"start":{"line":46,"column":4},"end":{"line":46,"column":null}},"29":{"start":{"line":49,"column":16},"end":{"line":49,"column":null}},"30":{"start":{"line":49,"column":37},"end":{"line":49,"column":null}},"31":{"start":{"line":51,"column":17},"end":{"line":54,"column":null}},"32":{"start":{"line":52,"column":4},"end":{"line":52,"column":null}},"33":{"start":{"line":53,"column":4},"end":{"line":53,"column":null}},"34":{"start":{"line":56,"column":19},"end":{"line":61,"column":null}},"35":{"start":{"line":57,"column":4},"end":{"line":61,"column":null}},"36":{"start":{"line":63,"column":24},"end":{"line":63,"column":null}},"37":{"start":{"line":65,"column":26},"end":{"line":65,"column":null}},"38":{"start":{"line":67,"column":22},"end":{"line":69,"column":null}},"39":{"start":{"line":71,"column":16},"end":{"line":80,"column":null}},"40":{"start":{"line":82,"column":2},"end":{"line":85,"column":null}},"41":{"start":{"line":89,"column":23},"end":{"line":95,"column":null}},"42":{"start":{"line":90,"column":8},"end":{"line":90,"column":null}},"43":{"start":{"line":91,"column":2},"end":{"line":93,"column":null}},"44":{"start":{"line":92,"column":4},"end":{"line":92,"column":null}},"45":{"start":{"line":94,"column":2},"end":{"line":94,"column":null}}},"fnMap":{"0":{"name":"(anonymous_0)","decl":{"start":{"line":6,"column":28},"end":{"line":6,"column":29}},"loc":{"start":{"line":6,"column":46},"end":{"line":87,"column":null}},"line":6},"1":{"name":"(anonymous_1)","decl":{"start":{"line":11,"column":24},"end":{"line":11,"column":30}},"loc":{"start":{"line":11,"column":30},"end":{"line":15,"column":null}},"line":11},"2":{"name":"(anonymous_2)","decl":{"start":{"line":17,"column":27},"end":{"line":17,"column":33}},"loc":{"start":{"line":17,"column":33},"end":{"line":21,"column":null}},"line":17},"3":{"name":"(anonymous_3)","decl":{"start":{"line":23,"column":12},"end":{"line":23,"column":18}},"loc":{"start":{"line":23,"column":18},"end":{"line":43,"column":5}},"line":23},"4":{"name":"(anonymous_4)","decl":{"start":{"line":24,"column":30},"end":{"line":24,"column":42}},"loc":{"start":{"line":24,"column":42},"end":{"line":30,"column":null}},"line":24},"5":{"name":"(anonymous_5)","decl":{"start":{"line":34,"column":67},"end":{"line":34,"column":68}},"loc":{"start":{"line":34,"column":88},"end":{"line":38,"column":5}},"line":34},"6":{"name":"(anonymous_6)","decl":{"start":{"line":40,"column":11},"end":{"line":40,"column":17}},"loc":{"start":{"line":40,"column":17},"end":{"line":42,"column":null}},"line":40},"7":{"name":"(anonymous_7)","decl":{"start":{"line":45,"column":31},"end":{"line":45,"column":37}},"loc":{"start":{"line":45,"column":37},"end":{"line":47,"column":5}},"line":45},"8":{"name":"(anonymous_8)","decl":{"start":{"line":49,"column":16},"end":{"line":49,"column":17}},"loc":{"start":{"line":49,"column":37},"end":{"line":49,"column":null}},"line":49},"9":{"name":"(anonymous_9)","decl":{"start":{"line":51,"column":17},"end":{"line":51,"column":23}},"loc":{"start":{"line":51,"column":23},"end":{"line":54,"column":null}},"line":51},"10":{"name":"(anonymous_10)","decl":{"start":{"line":56,"column":19},"end":{"line":56,"column":20}},"loc":{"start":{"line":57,"column":4},"end":{"line":61,"column":null}},"line":57},"11":{"name":"(anonymous_11)","decl":{"start":{"line":89,"column":23},"end":{"line":89,"column":29}},"loc":{"start":{"line":89,"column":29},"end":{"line":95,"column":null}},"line":89}},"branchMap":{"0":{"loc":{"start":{"line":28,"column":14},"end":{"line":28,"column":35}},"type":"binary-expr","locations":[{"start":{"line":28,"column":14},"end":{"line":28,"column":31}},{"start":{"line":28,"column":31},"end":{"line":28,"column":35}}],"line":28},"1":{"loc":{"start":{"line":36,"column":14},"end":{"line":36,"column":35}},"type":"binary-expr","locations":[{"start":{"line":36,"column":14},"end":{"line":36,"column":31}},{"start":{"line":36,"column":31},"end":{"line":36,"column":35}}],"line":36},"2":{"loc":{"start":{"line":46,"column":11},"end":{"line":46,"column":null}},"type":"binary-expr","locations":[{"start":{"line":46,"column":11},"end":{"line":46,"column":55}},{"start":{"line":46,"column":55},"end":{"line":46,"column":null}}],"line":46},"3":{"loc":{"start":{"line":65,"column":26},"end":{"line":65,"column":null}},"type":"binary-expr","locations":[{"start":{"line":65,"column":26},"end":{"line":65,"column":39}},{"start":{"line":65,"column":39},"end":{"line":65,"column":null}}],"line":65},"4":{"loc":{"start":{"line":67,"column":22},"end":{"line":69,"column":null}},"type":"cond-expr","locations":[{"start":{"line":68,"column":6},"end":{"line":68,"column":null}},{"start":{"line":69,"column":6},"end":{"line":69,"column":null}}],"line":67},"5":{"loc":{"start":{"line":67,"column":22},"end":{"line":67,"column":null}},"type":"binary-expr","locations":[{"start":{"line":67,"column":22},"end":{"line":67,"column":39}},{"start":{"line":67,"column":39},"end":{"line":67,"column":null}}],"line":67},"6":{"loc":{"start":{"line":84,"column":7},"end":{"line":84,"column":null}},"type":"binary-expr","locations":[{"start":{"line":84,"column":7},"end":{"line":84,"column":21}},{"start":{"line":84,"column":21},"end":{"line":84,"column":null}}],"line":84},"7":{"loc":{"start":{"line":91,"column":2},"end":{"line":93,"column":null}},"type":"if","locations":[{"start":{"line":91,"column":2},"end":{"line":93,"column":null}},{"start":{},"end":{}}],"line":91}},"s":{"0":1,"1":1,"2":4,"3":4,"4":4,"5":4,"6":0,"7":0,"8":0,"9":4,"10":0,"11":0,"12":0,"13":4,"14":2,"15":2,"16":2,"17":2,"18":2,"19":2,"20":2,"21":2,"22":0,"23":0,"24":0,"25":2,"26":2,"27":4,"28":3,"29":4,"30":0,"31":4,"32":0,"33":0,"34":4,"35":0,"36":4,"37":4,"38":4,"39":4,"40":4,"41":1,"42":5,"43":5,"44":2,"45":2},"f":{"0":4,"1":0,"2":0,"3":2,"4":2,"5":0,"6":2,"7":3,"8":0,"9":0,"10":0,"11":5},"b":{"0":[2,1],"1":[0,0],"2":[3,2],"3":[4,3],"4":[0,4],"5":[4,0],"6":[4,2],"7":[2,3]},"meta":{"lastBranch":8,"lastFunction":12,"lastStatement":46,"seen":{"s:4:6:4:Infinity":0,"s:6:28:87:Infinity":1,"f:6:28:6:29":0,"s:7:22:7:Infinity":2,"s:8:28:8:Infinity":3,"s:9:32:9:Infinity":4,"s:11:2:15:Infinity":5,"f:11:24:11:30":1,"s:12:4:12:Infinity":6,"s:13:4:13:Infinity":7,"s:14:4:14:Infinity":8,"s:17:2:21:Infinity":9,"f:17:27:17:33":2,"s:18:4:18:Infinity":10,"s:19:4:19:Infinity":11,"s:20:4:20:Infinity":12,"s:23:2:43:Infinity":13,"f:23:12:23:18":3,"s:24:30:30:Infinity":14,"f:24:30:24:42":4,"s:25:6:25:Infinity":15,"s:26:36:26:Infinity":16,"s:27:6:27:Infinity":17,"s:28:6:28:Infinity":18,"b:28:14:28:31:28:31:28:35":0,"s:29:6:29:Infinity":19,"s:32:4:32:Infinity":20,"s:34:35:38:Infinity":21,"f:34:67:34:68":5,"s:35:6:35:Infinity":22,"s:36:6:36:Infinity":23,"b:36:14:36:31:36:31:36:35":1,"s:37:6:37:Infinity":24,"s:40:4:42:Infinity":25,"f:40:11:40:17":6,"s:41:6:41:Infinity":26,"s:45:8:47:Infinity":27,"f:45:31:45:37":7,"s:46:4:46:Infinity":28,"b:46:11:46:55:46:55:46:Infinity":2,"s:49:16:49:Infinity":29,"f:49:16:49:17":8,"s:49:37:49:Infinity":30,"s:51:17:54:Infinity":31,"f:51:17:51:23":9,"s:52:4:52:Infinity":32,"s:53:4:53:Infinity":33,"s:56:19:61:Infinity":34,"f:56:19:56:20":10,"s:57:4:61:Infinity":35,"s:63:24:63:Infinity":36,"s:65:26:65:Infinity":37,"b:65:26:65:39:65:39:65:Infinity":3,"s:67:22:69:Infinity":38,"b:68:6:68:Infinity:69:6:69:Infinity":4,"b:67:22:67:39:67:39:67:Infinity":5,"s:71:16:80:Infinity":39,"s:82:2:85:Infinity":40,"b:84:7:84:21:84:21:84:Infinity":6,"s:89:23:95:Infinity":41,"f:89:23:89:29":11,"s:90:8:90:Infinity":42,"b:91:2:93:Infinity:undefined:undefined:undefined:undefined":7,"s:91:2:93:Infinity":43,"s:92:4:92:Infinity":44,"s:94:2:94:Infinity":45}}}
,"C:\\Users\\matheus.lampugnani\\MoneyBoard\\src\\hooks\\useApiData.jsx": {"path":"C:\\Users\\matheus.lampugnani\\MoneyBoard\\src\\hooks\\useApiData.jsx","statementMap":{"0":{"start":{"line":14,"column":19},"end":{"line":44,"column":null}},"1":{"start":{"line":15,"column":22},"end":{"line":15,"column":null}},"2":{"start":{"line":16,"column":32},"end":{"line":16,"column":null}},"3":{"start":{"line":17,"column":24},"end":{"line":17,"column":null}},"4":{"start":{"line":19,"column":8},"end":{"line":37,"column":null}},"5":{"start":{"line":20,"column":4},"end":{"line":23,"column":null}},"6":{"start":{"line":21,"column":8},"end":{"line":21,"column":null}},"7":{"start":{"line":22,"column":8},"end":{"line":22,"column":null}},"8":{"start":{"line":25,"column":4},"end":{"line":25,"column":null}},"9":{"start":{"line":26,"column":4},"end":{"line":26,"column":null}},"10":{"start":{"line":28,"column":4},"end":{"line":36,"column":null}},"11":{"start":{"line":29,"column":23},"end":{"line":29,"column":null}},"12":{"start":{"line":30,"column":6},"end":{"line":30,"column":null}},"13":{"start":{"line":32,"column":6},"end":{"line":32,"column":null}},"14":{"start":{"line":33,"column":6},"end":{"line":33,"column":null}},"15":{"start":{"line":35,"column":6},"end":{"line":35,"column":null}},"16":{"start":{"line":39,"column":2},"end":{"line":41,"column":null}},"17":{"start":{"line":40,"column":4},"end":{"line":40,"column":null}},"18":{"start":{"line":43,"column":2},"end":{"line":43,"column":null}}},"fnMap":{"0":{"name":"(anonymous_0)","decl":{"start":{"line":14,"column":19},"end":{"line":14,"column":20}},"loc":{"start":{"line":14,"column":33},"end":{"line":44,"column":null}},"line":14},"1":{"name":"(anonymous_1)","decl":{"start":{"line":19,"column":32},"end":{"line":19,"column":44}},"loc":{"start":{"line":19,"column":44},"end":{"line":37,"column":5}},"line":19},"2":{"name":"(anonymous_2)","decl":{"start":{"line":39,"column":12},"end":{"line":39,"column":18}},"loc":{"start":{"line":39,"column":18},"end":{"line":41,"column":5}},"line":39}},"branchMap":{"0":{"loc":{"start":{"line":20,"column":4},"end":{"line":23,"column":null}},"type":"if","locations":[{"start":{"line":20,"column":4},"end":{"line":23,"column":null}},{"start":{},"end":{}}],"line":20}},"s":{"0":1,"1":8,"2":8,"3":8,"4":8,"5":4,"6":1,"7":1,"8":3,"9":3,"10":3,"11":3,"12":2,"13":1,"14":1,"15":3,"16":8,"17":4,"18":8},"f":{"0":8,"1":4,"2":4},"b":{"0":[1,3]},"meta":{"lastBranch":1,"lastFunction":3,"lastStatement":19,"seen":{"s:14:19:44:Infinity":0,"f:14:19:14:20":0,"s:15:22:15:Infinity":1,"s:16:32:16:Infinity":2,"s:17:24:17:Infinity":3,"s:19:8:37:Infinity":4,"f:19:32:19:44":1,"b:20:4:23:Infinity:undefined:undefined:undefined:undefined":0,"s:20:4:23:Infinity":5,"s:21:8:21:Infinity":6,"s:22:8:22:Infinity":7,"s:25:4:25:Infinity":8,"s:26:4:26:Infinity":9,"s:28:4:36:Infinity":10,"s:29:23:29:Infinity":11,"s:30:6:30:Infinity":12,"s:32:6:32:Infinity":13,"s:33:6:33:Infinity":14,"s:35:6:35:Infinity":15,"s:39:2:41:Infinity":16,"f:39:12:39:18":2,"s:40:4:40:Infinity":17,"s:43:2:43:Infinity":18}}}
,"C:\\Users\\matheus.lampugnani\\MoneyBoard\\src\\pages\\DashboardPage.jsx": {"path":"C:\\Users\\matheus.lampugnani\\MoneyBoard\\src\\pages\\DashboardPage.jsx","statementMap":{"0":{"start":{"line":10,"column":22},"end":{"line":226,"column":null}},"1":{"start":{"line":11,"column":29},"end":{"line":11,"column":null}},"2":{"start":{"line":12,"column":22},"end":{"line":17,"column":null}},"3":{"start":{"line":18,"column":32},"end":{"line":18,"column":null}},"4":{"start":{"line":19,"column":24},"end":{"line":19,"column":null}},"5":{"start":{"line":21,"column":2},"end":{"line":52,"column":null}},"6":{"start":{"line":22,"column":25},"end":{"line":49,"column":null}},"7":{"start":{"line":23,"column":6},"end":{"line":23,"column":null}},"8":{"start":{"line":24,"column":6},"end":{"line":48,"column":null}},"9":{"start":{"line":25,"column":24},"end":{"line":27,"column":null}},"10":{"start":{"line":29,"column":8},"end":{"line":33,"column":null}},"11":{"start":{"line":30,"column":10},"end":{"line":30,"column":null}},"12":{"start":{"line":31,"column":10},"end":{"line":31,"column":null}},"13":{"start":{"line":32,"column":10},"end":{"line":32,"column":null}},"14":{"start":{"line":35,"column":24},"end":{"line":35,"column":null}},"15":{"start":{"line":37,"column":8},"end":{"line":42,"column":null}},"16":{"start":{"line":44,"column":8},"end":{"line":44,"column":null}},"17":{"start":{"line":45,"column":8},"end":{"line":45,"column":null}},"18":{"start":{"line":47,"column":8},"end":{"line":47,"column":null}},"19":{"start":{"line":51,"column":4},"end":{"line":51,"column":null}},"20":{"start":{"line":54,"column":25},"end":{"line":54,"column":null}},"21":{"start":{"line":54,"column":34},"end":{"line":54,"column":null}},"22":{"start":{"line":56,"column":8},"end":{"line":120,"column":null}},"23":{"start":{"line":57,"column":16},"end":{"line":57,"column":null}},"24":{"start":{"line":58,"column":25},"end":{"line":58,"column":null}},"25":{"start":{"line":59,"column":24},"end":{"line":59,"column":null}},"26":{"start":{"line":60,"column":29},"end":{"line":60,"column":null}},"27":{"start":{"line":62,"column":21},"end":{"line":75,"column":null}},"28":{"start":{"line":63,"column":30},"end":{"line":63,"column":null}},"29":{"start":{"line":64,"column":6},"end":{"line":73,"column":null}},"30":{"start":{"line":65,"column":20},"end":{"line":65,"column":null}},"31":{"start":{"line":66,"column":8},"end":{"line":72,"column":null}},"32":{"start":{"line":67,"column":10},"end":{"line":67,"column":null}},"33":{"start":{"line":69,"column":10},"end":{"line":69,"column":null}},"34":{"start":{"line":70,"column":26},"end":{"line":70,"column":null}},"35":{"start":{"line":71,"column":10},"end":{"line":71,"column":null}},"36":{"start":{"line":74,"column":6},"end":{"line":74,"column":null}},"37":{"start":{"line":77,"column":28},"end":{"line":77,"column":null}},"38":{"start":{"line":77,"column":85},"end":{"line":77,"column":101}},"39":{"start":{"line":78,"column":28},"end":{"line":78,"column":null}},"40":{"start":{"line":80,"column":18},"end":{"line":95,"column":null}},"41":{"start":{"line":81,"column":21},"end":{"line":81,"column":null}},"42":{"start":{"line":82,"column":25},"end":{"line":82,"column":null}},"43":{"start":{"line":83,"column":20},"end":{"line":83,"column":null}},"44":{"start":{"line":85,"column":8},"end":{"line":92,"column":null}},"45":{"start":{"line":86,"column":10},"end":{"line":86,"column":null}},"46":{"start":{"line":87,"column":10},"end":{"line":87,"column":null}},"47":{"start":{"line":88,"column":10},"end":{"line":88,"column":null}},"48":{"start":{"line":90,"column":22},"end":{"line":90,"column":null}},"49":{"start":{"line":91,"column":10},"end":{"line":91,"column":null}},"50":{"start":{"line":93,"column":8},"end":{"line":93,"column":null}},"51":{"start":{"line":97,"column":4},"end":{"line":102,"column":null}},"52":{"start":{"line":98,"column":6},"end":{"line":98,"column":null}},"53":{"start":{"line":100,"column":6},"end":{"line":100,"column":null}},"54":{"start":{"line":101,"column":6},"end":{"line":101,"column":null}},"55":{"start":{"line":104,"column":4},"end":{"line":107,"column":null}},"56":{"start":{"line":105,"column":6},"end":{"line":106,"column":null}},"57":{"start":{"line":105,"column":31},"end":{"line":105,"column":null}},"58":{"start":{"line":106,"column":11},"end":{"line":106,"column":null}},"59":{"start":{"line":109,"column":25},"end":{"line":109,"column":null}},"60":{"start":{"line":109,"column":82},"end":{"line":109,"column":98}},"61":{"start":{"line":110,"column":25},"end":{"line":110,"column":null}},"62":{"start":{"line":112,"column":4},"end":{"line":119,"column":null}},"63":{"start":{"line":122,"column":2},"end":{"line":122,"column":null}},"64":{"start":{"line":122,"column":17},"end":{"line":122,"column":null}},"65":{"start":{"line":123,"column":2},"end":{"line":123,"column":null}},"66":{"start":{"line":123,"column":13},"end":{"line":123,"column":null}},"67":{"start":{"line":125,"column":19},"end":{"line":125,"column":null}},"68":{"start":{"line":127,"column":2},"end":{"line":224,"column":null}}},"fnMap":{"0":{"name":"(anonymous_0)","decl":{"start":{"line":10,"column":22},"end":{"line":10,"column":28}},"loc":{"start":{"line":10,"column":28},"end":{"line":226,"column":null}},"line":10},"1":{"name":"(anonymous_1)","decl":{"start":{"line":21,"column":12},"end":{"line":21,"column":18}},"loc":{"start":{"line":21,"column":18},"end":{"line":52,"column":5}},"line":21},"2":{"name":"(anonymous_2)","decl":{"start":{"line":22,"column":25},"end":{"line":22,"column":37}},"loc":{"start":{"line":22,"column":37},"end":{"line":49,"column":null}},"line":22},"3":{"name":"(anonymous_3)","decl":{"start":{"line":54,"column":25},"end":{"line":54,"column":26}},"loc":{"start":{"line":54,"column":34},"end":{"line":54,"column":null}},"line":54},"4":{"name":"(anonymous_4)","decl":{"start":{"line":56,"column":24},"end":{"line":56,"column":30}},"loc":{"start":{"line":56,"column":30},"end":{"line":120,"column":5}},"line":56},"5":{"name":"(anonymous_5)","decl":{"start":{"line":62,"column":46},"end":{"line":62,"column":47}},"loc":{"start":{"line":62,"column":58},"end":{"line":75,"column":7}},"line":62},"6":{"name":"(anonymous_6)","decl":{"start":{"line":77,"column":65},"end":{"line":77,"column":66}},"loc":{"start":{"line":77,"column":85},"end":{"line":77,"column":101}},"line":77},"7":{"name":"(anonymous_7)","decl":{"start":{"line":80,"column":39},"end":{"line":80,"column":40}},"loc":{"start":{"line":80,"column":51},"end":{"line":95,"column":7}},"line":80},"8":{"name":"(anonymous_8)","decl":{"start":{"line":97,"column":23},"end":{"line":97,"column":28}},"loc":{"start":{"line":97,"column":28},"end":{"line":102,"column":5}},"line":97},"9":{"name":"(anonymous_9)","decl":{"start":{"line":104,"column":30},"end":{"line":104,"column":35}},"loc":{"start":{"line":104,"column":35},"end":{"line":107,"column":5}},"line":104},"10":{"name":"(anonymous_10)","decl":{"start":{"line":109,"column":62},"end":{"line":109,"column":63}},"loc":{"start":{"line":109,"column":82},"end":{"line":109,"column":98}},"line":109}},"branchMap":{"0":{"loc":{"start":{"line":29,"column":8},"end":{"line":33,"column":null}},"type":"if","locations":[{"start":{"line":29,"column":8},"end":{"line":33,"column":null}},{"start":{},"end":{}}],"line":29},"1":{"loc":{"start":{"line":38,"column":24},"end":{"line":38,"column":null}},"type":"binary-expr","locations":[{"start":{"line":38,"column":24},"end":{"line":38,"column":43}},{"start":{"line":38,"column":43},"end":{"line":38,"column":null}}],"line":38},"2":{"loc":{"start":{"line":39,"column":20},"end":{"line":39,"column":null}},"type":"binary-expr","locations":[{"start":{"line":39,"column":20},"end":{"line":39,"column":40}},{"start":{"line":39,"column":40},"end":{"line":39,"column":null}}],"line":39},"3":{"loc":{"start":{"line":40,"column":17},"end":{"line":40,"column":null}},"type":"binary-expr","locations":[{"start":{"line":40,"column":17},"end":{"line":40,"column":37}},{"start":{"line":40,"column":37},"end":{"line":40,"column":null}}],"line":40},"4":{"loc":{"start":{"line":41,"column":24},"end":{"line":41,"column":null}},"type":"binary-expr","locations":[{"start":{"line":41,"column":24},"end":{"line":41,"column":44}},{"start":{"line":41,"column":44},"end":{"line":41,"column":null}}],"line":41},"5":{"loc":{"start":{"line":64,"column":6},"end":{"line":73,"column":null}},"type":"if","locations":[{"start":{"line":64,"column":6},"end":{"line":73,"column":null}},{"start":{},"end":{}}],"line":64},"6":{"loc":{"start":{"line":64,"column":10},"end":{"line":64,"column":110}},"type":"binary-expr","locations":[{"start":{"line":64,"column":10},"end":{"line":64,"column":60}},{"start":{"line":64,"column":60},"end":{"line":64,"column":110}}],"line":64},"7":{"loc":{"start":{"line":65,"column":31},"end":{"line":65,"column":44}},"type":"binary-expr","locations":[{"start":{"line":65,"column":31},"end":{"line":65,"column":43}},{"start":{"line":65,"column":43},"end":{"line":65,"column":44}}],"line":65},"8":{"loc":{"start":{"line":66,"column":8},"end":{"line":72,"column":null}},"type":"if","locations":[{"start":{"line":66,"column":8},"end":{"line":72,"column":null}},{"start":{"line":68,"column":15},"end":{"line":72,"column":null}}],"line":66},"9":{"loc":{"start":{"line":70,"column":26},"end":{"line":70,"column":null}},"type":"binary-expr","locations":[{"start":{"line":70,"column":26},"end":{"line":70,"column":48}},{"start":{"line":70,"column":48},"end":{"line":70,"column":null}}],"line":70},"10":{"loc":{"start":{"line":71,"column":39},"end":{"line":71,"column":73}},"type":"binary-expr","locations":[{"start":{"line":71,"column":39},"end":{"line":71,"column":68}},{"start":{"line":71,"column":68},"end":{"line":71,"column":73}}],"line":71},"11":{"loc":{"start":{"line":81,"column":32},"end":{"line":81,"column":49}},"type":"binary-expr","locations":[{"start":{"line":81,"column":32},"end":{"line":81,"column":48}},{"start":{"line":81,"column":48},"end":{"line":81,"column":49}}],"line":81},"12":{"loc":{"start":{"line":82,"column":36},"end":{"line":82,"column":57}},"type":"binary-expr","locations":[{"start":{"line":82,"column":36},"end":{"line":82,"column":56}},{"start":{"line":82,"column":56},"end":{"line":82,"column":57}}],"line":82},"13":{"loc":{"start":{"line":83,"column":29},"end":{"line":83,"column":44}},"type":"binary-expr","locations":[{"start":{"line":83,"column":29},"end":{"line":83,"column":43}},{"start":{"line":83,"column":43},"end":{"line":83,"column":44}}],"line":83},"14":{"loc":{"start":{"line":85,"column":8},"end":{"line":92,"column":null}},"type":"if","locations":[{"start":{"line":85,"column":8},"end":{"line":92,"column":null}},{"start":{},"end":{}}],"line":85},"15":{"loc":{"start":{"line":90,"column":22},"end":{"line":90,"column":null}},"type":"binary-expr","locations":[{"start":{"line":90,"column":22},"end":{"line":90,"column":36}},{"start":{"line":90,"column":36},"end":{"line":90,"column":null}}],"line":90},"16":{"loc":{"start":{"line":91,"column":33},"end":{"line":91,"column":61}},"type":"binary-expr","locations":[{"start":{"line":91,"column":33},"end":{"line":91,"column":56}},{"start":{"line":91,"column":56},"end":{"line":91,"column":61}}],"line":91},"17":{"loc":{"start":{"line":98,"column":34},"end":{"line":98,"column":53}},"type":"binary-expr","locations":[{"start":{"line":98,"column":34},"end":{"line":98,"column":52}},{"start":{"line":98,"column":52},"end":{"line":98,"column":53}}],"line":98},"18":{"loc":{"start":{"line":100,"column":42},"end":{"line":100,"column":65}},"type":"binary-expr","locations":[{"start":{"line":100,"column":42},"end":{"line":100,"column":64}},{"start":{"line":100,"column":64},"end":{"line":100,"column":65}}],"line":100},"19":{"loc":{"start":{"line":101,"column":34},"end":{"line":101,"column":49}},"type":"binary-expr","locations":[{"start":{"line":101,"column":34},"end":{"line":101,"column":48}},{"start":{"line":101,"column":48},"end":{"line":101,"column":49}}],"line":101},"20":{"loc":{"start":{"line":105,"column":6},"end":{"line":106,"column":null}},"type":"if","locations":[{"start":{"line":105,"column":6},"end":{"line":106,"column":null}},{"start":{"line":106,"column":11},"end":{"line":106,"column":null}}],"line":105},"21":{"loc":{"start":{"line":105,"column":59},"end":{"line":105,"column":72}},"type":"binary-expr","locations":[{"start":{"line":105,"column":59},"end":{"line":105,"column":71}},{"start":{"line":105,"column":71},"end":{"line":105,"column":72}}],"line":105},"22":{"loc":{"start":{"line":106,"column":39},"end":{"line":106,"column":52}},"type":"binary-expr","locations":[{"start":{"line":106,"column":39},"end":{"line":106,"column":51}},{"start":{"line":106,"column":51},"end":{"line":106,"column":52}}],"line":106},"23":{"loc":{"start":{"line":122,"column":2},"end":{"line":122,"column":null}},"type":"if","locations":[{"start":{"line":122,"column":2},"end":{"line":122,"column":null}},{"start":{},"end":{}}],"line":122},"24":{"loc":{"start":{"line":123,"column":2},"end":{"line":123,"column":null}},"type":"if","locations":[{"start":{"line":123,"column":2},"end":{"line":123,"column":null}},{"start":{},"end":{}}],"line":123},"25":{"loc":{"start":{"line":125,"column":19},"end":{"line":125,"column":null}},"type":"binary-expr","locations":[{"start":{"line":125,"column":19},"end":{"line":125,"column":48}},{"start":{"line":125,"column":48},"end":{"line":125,"column":63}},{"start":{"line":125,"column":63},"end":{"line":125,"column":null}}],"line":125},"26":{"loc":{"start":{"line":134,"column":7},"end":{"line":222,"column":null}},"type":"cond-expr","locations":[{"start":{"line":135,"column":8},"end":{"line":146,"column":null}},{"start":{"line":148,"column":8},"end":{"line":222,"column":null}}],"line":134}},"s":{"0":1,"1":7,"2":7,"3":7,"4":7,"5":7,"6":4,"7":4,"8":4,"9":4,"10":4,"11":1,"12":1,"13":1,"14":4,"15":2,"16":1,"17":1,"18":3,"19":4,"20":7,"21":5,"22":7,"23":6,"24":6,"25":6,"26":6,"27":6,"28":1,"29":1,"30":1,"31":1,"32":1,"33":0,"34":0,"35":0,"36":1,"37":6,"38":0,"39":6,"40":6,"41":0,"42":0,"43":0,"44":0,"45":0,"46":0,"47":0,"48":0,"49":0,"50":0,"51":6,"52":0,"53":0,"54":0,"55":6,"56":0,"57":0,"58":0,"59":6,"60":0,"61":6,"62":6,"63":7,"64":4,"65":3,"66":3,"67":2,"68":7},"f":{"0":7,"1":4,"2":4,"3":5,"4":6,"5":1,"6":0,"7":0,"8":0,"9":0,"10":0},"b":{"0":[1,3],"1":[2,0],"2":[4,1],"3":[4,1],"4":[4,1],"5":[1,0],"6":[1,1],"7":[1,0],"8":[1,0],"9":[0,0],"10":[0,0],"11":[0,0],"12":[0,0],"13":[0,0],"14":[0,0],"15":[0,0],"16":[0,0],"17":[0,0],"18":[0,0],"19":[0,0],"20":[0,0],"21":[0,0],"22":[0,0],"23":[4,3],"24":[1,2],"25":[2,0,0],"26":[1,1]},"meta":{"lastBranch":27,"lastFunction":11,"lastStatement":69,"seen":{"s:10:22:226:Infinity":0,"f:10:22:10:28":0,"s:11:29:11:Infinity":1,"s:12:22:17:Infinity":2,"s:18:32:18:Infinity":3,"s:19:24:19:Infinity":4,"s:21:2:52:Infinity":5,"f:21:12:21:18":1,"s:22:25:49:Infinity":6,"f:22:25:22:37":2,"s:23:6:23:Infinity":7,"s:24:6:48:Infinity":8,"s:25:24:27:Infinity":9,"b:29:8:33:Infinity:undefined:undefined:undefined:undefined":0,"s:29:8:33:Infinity":10,"s:30:10:30:Infinity":11,"s:31:10:31:Infinity":12,"s:32:10:32:Infinity":13,"s:35:24:35:Infinity":14,"s:37:8:42:Infinity":15,"b:38:24:38:43:38:43:38:Infinity":1,"b:39:20:39:40:39:40:39:Infinity":2,"b:40:17:40:37:40:37:40:Infinity":3,"b:41:24:41:44:41:44:41:Infinity":4,"s:44:8:44:Infinity":16,"s:45:8:45:Infinity":17,"s:47:8:47:Infinity":18,"s:51:4:51:Infinity":19,"s:54:25:54:Infinity":20,"f:54:25:54:26":3,"s:54:34:54:Infinity":21,"s:56:8:120:Infinity":22,"f:56:24:56:30":4,"s:57:16:57:Infinity":23,"s:58:25:58:Infinity":24,"s:59:24:59:Infinity":25,"s:60:29:60:Infinity":26,"s:62:21:75:Infinity":27,"f:62:46:62:47":5,"s:63:30:63:Infinity":28,"b:64:6:73:Infinity:undefined:undefined:undefined:undefined":5,"s:64:6:73:Infinity":29,"b:64:10:64:60:64:60:64:110":6,"s:65:20:65:Infinity":30,"b:65:31:65:43:65:43:65:44":7,"b:66:8:72:Infinity:68:15:72:Infinity":8,"s:66:8:72:Infinity":31,"s:67:10:67:Infinity":32,"s:69:10:69:Infinity":33,"s:70:26:70:Infinity":34,"b:70:26:70:48:70:48:70:Infinity":9,"s:71:10:71:Infinity":35,"b:71:39:71:68:71:68:71:73":10,"s:74:6:74:Infinity":36,"s:77:28:77:Infinity":37,"f:77:65:77:66":6,"s:77:85:77:101":38,"s:78:28:78:Infinity":39,"s:80:18:95:Infinity":40,"f:80:39:80:40":7,"s:81:21:81:Infinity":41,"b:81:32:81:48:81:48:81:49":11,"s:82:25:82:Infinity":42,"b:82:36:82:56:82:56:82:57":12,"s:83:20:83:Infinity":43,"b:83:29:83:43:83:43:83:44":13,"b:85:8:92:Infinity:undefined:undefined:undefined:undefined":14,"s:85:8:92:Infinity":44,"s:86:10:86:Infinity":45,"s:87:10:87:Infinity":46,"s:88:10:88:Infinity":47,"s:90:22:90:Infinity":48,"b:90:22:90:36:90:36:90:Infinity":15,"s:91:10:91:Infinity":49,"b:91:33:91:56:91:56:91:61":16,"s:93:8:93:Infinity":50,"s:97:4:102:Infinity":51,"f:97:23:97:28":8,"s:98:6:98:Infinity":52,"b:98:34:98:52:98:52:98:53":17,"s:100:6:100:Infinity":53,"b:100:42:100:64:100:64:100:65":18,"s:101:6:101:Infinity":54,"b:101:34:101:48:101:48:101:49":19,"s:104:4:107:Infinity":55,"f:104:30:104:35":9,"b:105:6:106:Infinity:106:11:106:Infinity":20,"s:105:6:106:Infinity":56,"s:105:31:105:Infinity":57,"b:105:59:105:71:105:71:105:72":21,"s:106:11:106:Infinity":58,"b:106:39:106:51:106:51:106:52":22,"s:109:25:109:Infinity":59,"f:109:62:109:63":10,"s:109:82:109:98":60,"s:110:25:110:Infinity":61,"s:112:4:119:Infinity":62,"b:122:2:122:Infinity:undefined:undefined:undefined:undefined":23,"s:122:2:122:Infinity":63,"s:122:17:122:Infinity":64,"b:123:2:123:Infinity:undefined:undefined:undefined:undefined":24,"s:123:2:123:Infinity":65,"s:123:13:123:Infinity":66,"s:125:19:125:Infinity":67,"b:125:19:125:48:125:48:125:63:125:63:125:Infinity":25,"s:127:2:224:Infinity":68,"b:135:8:146:Infinity:148:8:222:Infinity":26}}}
,"C:\\Users\\matheus.lampugnani\\MoneyBoard\\src\\pages\\LoginPage.jsx": {"path":"C:\\Users\\matheus.lampugnani\\MoneyBoard\\src\\pages\\LoginPage.jsx","statementMap":{"0":{"start":{"line":9,"column":18},"end":{"line":77,"column":null}},"1":{"start":{"line":10,"column":24},"end":{"line":10,"column":null}},"2":{"start":{"line":11,"column":30},"end":{"line":11,"column":null}},"3":{"start":{"line":12,"column":24},"end":{"line":12,"column":null}},"4":{"start":{"line":13,"column":28},"end":{"line":13,"column":null}},"5":{"start":{"line":14,"column":16},"end":{"line":14,"column":null}},"6":{"start":{"line":15,"column":8},"end":{"line":15,"column":null}},"7":{"start":{"line":17,"column":23},"end":{"line":30,"column":null}},"8":{"start":{"line":18,"column":4},"end":{"line":18,"column":null}},"9":{"start":{"line":19,"column":4},"end":{"line":19,"column":null}},"10":{"start":{"line":20,"column":4},"end":{"line":20,"column":null}},"11":{"start":{"line":21,"column":4},"end":{"line":29,"column":null}},"12":{"start":{"line":22,"column":6},"end":{"line":22,"column":null}},"13":{"start":{"line":23,"column":6},"end":{"line":23,"column":null}},"14":{"start":{"line":25,"column":6},"end":{"line":25,"column":null}},"15":{"start":{"line":26,"column":6},"end":{"line":26,"column":null}},"16":{"start":{"line":28,"column":6},"end":{"line":28,"column":null}},"17":{"start":{"line":32,"column":2},"end":{"line":75,"column":null}},"18":{"start":{"line":49,"column":33},"end":{"line":49,"column":null}},"19":{"start":{"line":59,"column":33},"end":{"line":59,"column":null}}},"fnMap":{"0":{"name":"(anonymous_0)","decl":{"start":{"line":9,"column":18},"end":{"line":9,"column":24}},"loc":{"start":{"line":9,"column":24},"end":{"line":77,"column":null}},"line":9},"1":{"name":"(anonymous_1)","decl":{"start":{"line":17,"column":23},"end":{"line":17,"column":30}},"loc":{"start":{"line":17,"column":36},"end":{"line":30,"column":null}},"line":17},"2":{"name":"(anonymous_2)","decl":{"start":{"line":49,"column":26},"end":{"line":49,"column":27}},"loc":{"start":{"line":49,"column":33},"end":{"line":49,"column":null}},"line":49},"3":{"name":"(anonymous_3)","decl":{"start":{"line":59,"column":26},"end":{"line":59,"column":27}},"loc":{"start":{"line":59,"column":33},"end":{"line":59,"column":null}},"line":59}},"branchMap":{"0":{"loc":{"start":{"line":43,"column":15},"end":{"line":43,"column":null}},"type":"binary-expr","locations":[{"start":{"line":43,"column":15},"end":{"line":43,"column":24}},{"start":{"line":43,"column":24},"end":{"line":43,"column":null}}],"line":43},"1":{"loc":{"start":{"line":65,"column":17},"end":{"line":65,"column":null}},"type":"cond-expr","locations":[{"start":{"line":65,"column":27},"end":{"line":65,"column":43}},{"start":{"line":65,"column":43},"end":{"line":65,"column":null}}],"line":65}},"s":{"0":1,"1":11,"2":11,"3":11,"4":11,"5":11,"6":11,"7":11,"8":2,"9":2,"10":2,"11":2,"12":2,"13":1,"14":1,"15":1,"16":2,"17":11,"18":2,"19":2},"f":{"0":11,"1":2,"2":2,"3":2},"b":{"0":[11,1],"1":[2,9]},"meta":{"lastBranch":2,"lastFunction":4,"lastStatement":20,"seen":{"s:9:18:77:Infinity":0,"f:9:18:9:24":0,"s:10:24:10:Infinity":1,"s:11:30:11:Infinity":2,"s:12:24:12:Infinity":3,"s:13:28:13:Infinity":4,"s:14:16:14:Infinity":5,"s:15:8:15:Infinity":6,"s:17:23:30:Infinity":7,"f:17:23:17:30":1,"s:18:4:18:Infinity":8,"s:19:4:19:Infinity":9,"s:20:4:20:Infinity":10,"s:21:4:29:Infinity":11,"s:22:6:22:Infinity":12,"s:23:6:23:Infinity":13,"s:25:6:25:Infinity":14,"s:26:6:26:Infinity":15,"s:28:6:28:Infinity":16,"s:32:2:75:Infinity":17,"b:43:15:43:24:43:24:43:Infinity":0,"f:49:26:49:27":2,"s:49:33:49:Infinity":18,"f:59:26:59:27":3,"s:59:33:59:Infinity":19,"b:65:27:65:43:65:43:65:Infinity":1}}}
,"C:\\Users\\matheus.lampugnani\\MoneyBoard\\src\\services\\api.js": {"path":"C:\\Users\\matheus.lampugnani\\MoneyBoard\\src\\services\\api.js","statementMap":{"0":{"start":{"line":3,"column":16},"end":{"line":3,"column":75}},"1":{"start":{"line":5,"column":12},"end":{"line":7,"column":2}},"2":{"start":{"line":9,"column":0},"end":{"line":18,"column":2}},"3":{"start":{"line":11,"column":18},"end":{"line":11,"column":47}},"4":{"start":{"line":12,"column":4},"end":{"line":14,"column":5}},"5":{"start":{"line":13,"column":6},"end":{"line":13,"column":55}},"6":{"start":{"line":15,"column":4},"end":{"line":15,"column":18}},"7":{"start":{"line":17,"column":13},"end":{"line":17,"column":34}}},"fnMap":{"0":{"name":"(anonymous_0)","decl":{"start":{"line":10,"column":2},"end":{"line":10,"column":3}},"loc":{"start":{"line":10,"column":14},"end":{"line":16,"column":3}},"line":10},"1":{"name":"(anonymous_1)","decl":{"start":{"line":17,"column":2},"end":{"line":17,"column":3}},"loc":{"start":{"line":17,"column":13},"end":{"line":17,"column":34}},"line":17}},"branchMap":{"0":{"loc":{"start":{"line":3,"column":16},"end":{"line":3,"column":75}},"type":"binary-expr","locations":[{"start":{"line":3,"column":16},"end":{"line":3,"column":44}},{"start":{"line":3,"column":48},"end":{"line":3,"column":75}}],"line":3},"1":{"loc":{"start":{"line":12,"column":4},"end":{"line":14,"column":5}},"type":"if","locations":[{"start":{"line":12,"column":4},"end":{"line":14,"column":5}},{"start":{},"end":{}}],"line":12}},"s":{"0":3,"1":3,"2":3,"3":2,"4":2,"5":1,"6":2,"7":0},"f":{"0":2,"1":0},"b":{"0":[3,3],"1":[1,1]},"meta":{"lastBranch":2,"lastFunction":2,"lastStatement":8,"seen":{"s:3:16:3:75":0,"b:3:16:3:44:3:48:3:75":0,"s:5:12:7:2":1,"s:9:0:18:2":2,"f:10:2:10:3":0,"s:11:18:11:47":3,"b:12:4:14:5:undefined:undefined:undefined:undefined":1,"s:12:4:14:5":4,"s:13:6:13:55":5,"s:15:4:15:18":6,"f:17:2:17:3":1,"s:17:13:17:34":7}}}
,"C:\\Users\\matheus.lampugnani\\MoneyBoard\\src\\services\\auth.service.js": {"path":"C:\\Users\\matheus.lampugnani\\MoneyBoard\\src\\services\\auth.service.js","statementMap":{"0":{"start":{"line":8,"column":14},"end":{"line":11,"column":1}},"1":{"start":{"line":9,"column":19},"end":{"line":9,"column":69}},"2":{"start":{"line":10,"column":2},"end":{"line":10,"column":23}},"3":{"start":{"line":19,"column":17},"end":{"line":22,"column":1}},"4":{"start":{"line":20,"column":19},"end":{"line":20,"column":78}},"5":{"start":{"line":21,"column":2},"end":{"line":21,"column":23}},"6":{"start":{"line":27,"column":14},"end":{"line":30,"column":1}},"7":{"start":{"line":28,"column":19},"end":{"line":28,"column":44}},"8":{"start":{"line":29,"column":2},"end":{"line":29,"column":23}},"9":{"start":{"line":32,"column":20},"end":{"line":36,"column":1}}},"fnMap":{"0":{"name":"(anonymous_0)","decl":{"start":{"line":8,"column":14},"end":{"line":8,"column":19}},"loc":{"start":{"line":8,"column":41},"end":{"line":11,"column":1}},"line":8},"1":{"name":"(anonymous_1)","decl":{"start":{"line":19,"column":17},"end":{"line":19,"column":22}},"loc":{"start":{"line":19,"column":50},"end":{"line":22,"column":1}},"line":19},"2":{"name":"(anonymous_2)","decl":{"start":{"line":27,"column":14},"end":{"line":27,"column":19}},"loc":{"start":{"line":27,"column":26},"end":{"line":30,"column":1}},"line":27}},"branchMap":{},"s":{"0":1,"1":1,"2":1,"3":1,"4":1,"5":1,"6":1,"7":1,"8":1,"9":1},"f":{"0":1,"1":1,"2":1},"b":{},"meta":{"lastBranch":0,"lastFunction":3,"lastStatement":10,"seen":{"s:8:14:11:1":0,"f:8:14:8:19":0,"s:9:19:9:69":1,"s:10:2:10:23":2,"s:19:17:22:1":3,"f:19:17:19:22":1,"s:20:19:20:78":4,"s:21:2:21:23":5,"s:27:14:30:1":6,"f:27:14:27:19":2,"s:28:19:28:44":7,"s:29:2:29:23":8,"s:32:20:36:1":9}}}
,"C:\\Users\\matheus.lampugnani\\MoneyBoard\\src\\services\\transaction.service.js": {"path":"C:\\Users\\matheus.lampugnani\\MoneyBoard\\src\\services\\transaction.service.js","statementMap":{"0":{"start":{"line":3,"column":27},"end":{"line":18,"column":1}},"1":{"start":{"line":5,"column":28},"end":{"line":8,"column":42}},"2":{"start":{"line":9,"column":4},"end":{"line":9,"column":27}},"3":{"start":{"line":9,"column":15},"end":{"line":9,"column":27}},"4":{"start":{"line":10,"column":4},"end":{"line":10,"column":16}},"5":{"start":{"line":14,"column":28},"end":{"line":14,"column":87}},"6":{"start":{"line":15,"column":4},"end":{"line":15,"column":27}},"7":{"start":{"line":15,"column":15},"end":{"line":15,"column":27}},"8":{"start":{"line":16,"column":4},"end":{"line":16,"column":16}}},"fnMap":{"0":{"name":"(anonymous_0)","decl":{"start":{"line":4,"column":8},"end":{"line":4,"column":14}},"loc":{"start":{"line":4,"column":17},"end":{"line":11,"column":3}},"line":4},"1":{"name":"(anonymous_1)","decl":{"start":{"line":13,"column":8},"end":{"line":13,"column":14}},"loc":{"start":{"line":13,"column":32},"end":{"line":17,"column":3}},"line":13}},"branchMap":{"0":{"loc":{"start":{"line":9,"column":4},"end":{"line":9,"column":27}},"type":"if","locations":[{"start":{"line":9,"column":4},"end":{"line":9,"column":27}},{"start":{},"end":{}}],"line":9},"1":{"loc":{"start":{"line":15,"column":4},"end":{"line":15,"column":27}},"type":"if","locations":[{"start":{"line":15,"column":4},"end":{"line":15,"column":27}},{"start":{},"end":{}}],"line":15}},"s":{"0":1,"1":2,"2":2,"3":1,"4":1,"5":2,"6":2,"7":1,"8":1},"f":{"0":2,"1":2},"b":{"0":[1,1],"1":[1,1]},"meta":{"lastBranch":2,"lastFunction":2,"lastStatement":9,"seen":{"s:3:27:18:1":0,"f:4:8:4:14":0,"s:5:28:8:42":1,"b:9:4:9:27:undefined:undefined:undefined:undefined":0,"s:9:4:9:27":2,"s:9:15:9:27":3,"s:10:4:10:16":4,"f:13:8:13:14":1,"s:14:28:14:87":5,"b:15:4:15:27:undefined:undefined:undefined:undefined":1,"s:15:4:15:27":6,"s:15:15:15:27":7,"s:16:4:16:16":8}}}
}
